<?xml version="1.0" encoding="UTF-8"?>
<!-- Generated by org.testng.reporters.JUnitReportReporter -->
<testsuite skipped="0" hostname="QT-INBG-LT0483" name="com.search.flipkart.SearchTest" tests="1" failures="0" timestamp="08 May 2020 09:22:11 GMT" time="24.094" errors="0">
  <testcase name="test1" time="24.094" classname="com.search.flipkart.SearchTest"/>
</testsuite> <!-- com.search.flipkart.SearchTest -->
